<?xml version="1.0" encoding="UTF-8"?>
<testng-results ignored="0" total="1" passed="1" failed="0" skipped="0">
  <reporter-output>
  </reporter-output>
  <suite started-at="2025-07-29T13:46:36 IST" name="Default suite" finished-at="2025-07-29T13:46:47 IST" duration-ms="11414">
    <groups>
    </groups>
    <test started-at="2025-07-29T13:46:36 IST" name="Default test" finished-at="2025-07-29T13:46:47 IST" duration-ms="11414">
      <class name="extentreports.AddScreenshotIntoReport">
        <test-method signature="addScreenshot()[pri:0, instance:extentreports.AddScreenshotIntoReport@2a4fb17b]" started-at="2025-07-29T13:46:36 IST" name="addScreenshot" finished-at="2025-07-29T13:46:47 IST" duration-ms="11242" status="PASS">
          <reporter-output>
          </reporter-output>
        </test-method> <!-- addScreenshot -->
      </class> <!-- extentreports.AddScreenshotIntoReport -->
    </test> <!-- Default test -->
  </suite> <!-- Default suite -->
</testng-results>
