<?xml version="1.0" encoding="UTF-8"?>
<testng-results ignored="0" total="1" passed="1" failed="0" skipped="0">
  <reporter-output>
    <line>
      <![CDATA[Bajaji lanuched]]>
    </line>
  </reporter-output>
  <suite started-at="2025-07-28T13:47:20 IST" name="Surefire suite" finished-at="2025-07-28T13:47:28 IST" duration-ms="7956">
    <groups>
    </groups>
    <test started-at="2025-07-28T13:47:20 IST" name="Surefire test" finished-at="2025-07-28T13:47:28 IST" duration-ms="7956">
      <class name="Bike.BajajiTest">
        <test-method signature="opensite()[pri:0, instance:Bike.BajajiTest@48fa0f47]" started-at="2025-07-28T13:47:20 IST" name="opensite" finished-at="2025-07-28T13:47:28 IST" duration-ms="7869" status="PASS">
          <reporter-output>
            <line>
              <![CDATA[Bajaji lanuched]]>
            </line>
          </reporter-output>
        </test-method> <!-- opensite -->
      </class> <!-- Bike.BajajiTest -->
    </test> <!-- Surefire test -->
  </suite> <!-- Surefire suite -->
</testng-results>
